<?xml version="1.0" encoding="UTF-8"?>
<!-- Generated by org.testng.reporters.JUnitReportReporter -->
<testsuite hostname="DESKTOP-290HEU1" failures="0" tests="2" name="TestPack3.TestCases" time="18.350" errors="0" timestamp="2021-02-24T10:40:28 IST" skipped="0">
  <testcase classname="TestPack3.TestCases" name="test2" time="4.274"/>
  <system-out/>
  <testcase classname="TestPack3.TestCases" name="test1" time="14.076"/>
  <system-out/>
</testsuite> <!-- TestPack3.TestCases -->
