<?xml version="1.0" encoding="UTF-8"?>
<!-- Generated by org.testng.reporters.JUnitReportReporter -->
<testsuite hostname="DESKTOP-290HEU1" failures="0" tests="4" name="TestNg.TestClass1" time="0.023" errors="0" timestamp="2021-02-18T16:20:55 IST" skipped="0">
  <testcase classname="TestNg.TestClass1" name="test2" time="0.004"/>
  <system-out/>
  <testcase classname="TestNg.TestClass1" name="test4" time="0.010"/>
  <system-out/>
  <testcase classname="TestNg.TestClass1" name="test3" time="0.005"/>
  <system-out/>
  <testcase classname="TestNg.TestClass1" name="test1" time="0.004"/>
  <system-out/>
</testsuite> <!-- TestNg.TestClass1 -->
