<?xml version="1.0" encoding="UTF-8"?>
<!-- Generated by org.testng.reporters.JUnitReportReporter -->
<testsuite hostname="DESKTOP-290HEU1" failures="0" tests="4" name="TestNg.TestClass2" time="0.053" errors="0" timestamp="2021-02-21T09:10:28 IST" skipped="0">
  <testcase classname="TestNg.TestClass2" name="test4" time="0.003"/>
  <system-out/>
  <testcase classname="TestNg.TestClass2" name="test2" time="0.017"/>
  <system-out/>
  <testcase classname="TestNg.TestClass2" name="test3" time="0.005"/>
  <system-out/>
  <testcase classname="TestNg.TestClass2" name="test1" time="0.028"/>
  <system-out/>
</testsuite> <!-- TestNg.TestClass2 -->
